/projects/etpi5866/igm/igm/modules/preproc/load_ncdf.py:90: RuntimeWarning: invalid value encountered in greater
  vars()[var] = np.where(vars()[var] > 10**35, np.nan, vars()[var])
-----------------------------------------------------------------
Num GPUs Available:  0
-----------------------------------------------------------------
Found pretrained emulator in the igm package: pinnbp_10_4_cnn_16_32_2_1
                   Step  |  ICE_VOL |  COST_U  |  COST_H  |  COST_D  |  COST_S  |   REGU_H |   REGU_S | COST_GLEN  
OPTI 13:33:59 :        0 |   2053.33 |    57.65 |     0.00 |     0.00 |     0.00 |   141.19 |     0.00 |    -0.45 |
OPTI 13:45:50 :       50 |   2032.58 |   732.18 |     0.86 |     0.00 |     0.00 |   121.53 |   146.90 |    -6.60 |
OPTI 13:56:50 :      100 |   2000.23 |   628.09 |     2.85 |     0.00 |     0.00 |   144.98 |    83.06 |    -5.38 |
OPTI 14:07:14 :      150 |   1969.05 |   432.79 |     5.34 |     0.00 |     0.00 |   151.35 |    68.60 |    -4.28 |
OPTI 14:16:13 :      200 |   1938.48 |   311.42 |     7.60 |     0.00 |     0.00 |   153.16 |    55.92 |    -3.62 |
OPTI 14:23:58 :      250 |   1910.22 |   240.77 |     9.47 |     0.00 |     0.00 |   152.20 |    54.37 |    -3.14 |
OPTI 14:32:23 :      300 |   1886.42 |   196.89 |    11.04 |     0.00 |     0.00 |   151.98 |    60.71 |    -2.74 |
OPTI 14:39:52 :      350 |   1865.35 |   169.88 |    12.47 |     0.00 |     0.00 |   151.82 |    75.52 |    -2.44 |
OPTI 14:46:32 :      400 |   1846.94 |   152.38 |    13.78 |     0.00 |     0.00 |   151.19 |    77.38 |    -2.23 |
OPTI 14:53:13 :      450 |   1832.16 |   141.02 |    14.94 |     0.00 |     0.00 |   150.69 |    86.23 |    -2.10 |
OPTI 14:59:56 :      500 |   1820.17 |   132.29 |    15.95 |     0.00 |     0.00 |   150.12 |    99.44 |    -2.00 |
OPTI 15:07:57 :      550 |   1810.02 |   125.80 |    16.82 |     0.00 |     0.00 |   149.58 |   102.06 |    -1.92 |
OPTI 15:16:36 :      600 |   1801.82 |   120.23 |    17.54 |     0.00 |     0.00 |   149.00 |   112.90 |    -1.86 |
OPTI 15:24:56 :      650 |   1795.48 |   115.46 |    18.13 |     0.00 |     0.00 |   148.49 |   138.65 |    -1.80 |
OPTI 15:32:47 :      700 |   1790.43 |   111.57 |    18.59 |     0.00 |     0.00 |   148.05 |   135.26 |    -1.76 |
OPTI 15:39:38 :      750 |   1786.26 |   108.44 |    18.98 |     0.00 |     0.00 |   147.83 |   107.69 |    -1.72 |
OPTI 15:45:36 :      800 |   1782.67 |   105.70 |    19.33 |     0.00 |     0.00 |   147.82 |   110.65 |    -1.68 |
OPTI 15:51:32 :      850 |   1779.70 |   102.79 |    19.64 |     0.00 |     0.00 |   147.86 |   127.17 |    -1.64 |
OPTI 15:57:27 :      900 |   1777.50 |   100.00 |    19.91 |     0.00 |     0.00 |   147.90 |   152.17 |    -1.61 |
OPTI 16:03:14 :      950 |   1775.76 |    97.76 |    20.13 |     0.00 |     0.00 |   147.90 |   133.97 |    -1.59 |
