-----------------------------------------------------------------
Num GPUs Available:  0
-----------------------------------------------------------------
Found pretrained emulator in the igm package: pinnbp_10_4_cnn_16_32_2_1
                   Step  |  ICE_VOL |  COST_U  |  COST_H  |  COST_D  |  COST_S  |   REGU_H |   REGU_S | COST_GLEN  
OPTI 19:59:38 :        0 |   1164.26 |   284.20 |     0.00 |     0.00 |     0.00 |     0.00 |     0.00 |     0.25 |
OPTI 20:34:51 :      200 |   1164.26 |   9516.74 |     0.00 |     0.00 |     0.00 |     0.00 |    12.72 |    -7.61 |
OPTI 21:11:32 :      400 |   1164.26 |   800430237941760.00 |     0.00 |     0.00 |     0.00 |     0.00 |   570.60 |   -2889272320.00 |
OPTI 21:48:19 :      600 |   1164.26 |   449657148993600669876224.00 |     0.00 |     0.00 |     0.00 |     0.00 |   5093.94 |   -7303824351952896.00 |
OPTI 22:24:50 :      800 |   1164.26 |      nan |     0.00 |     0.00 |     0.00 |     0.00 |      nan |      nan |
Traceback (most recent call last):
  File "/projects/etpi5866/software/anaconda/envs/igm/bin/igm_run", line 33, in <module>
    sys.exit(load_entry_point('igm-model', 'console_scripts', 'igm_run')())
  File "/projects/etpi5866/igm/igm/igm_run.py", line 57, in main
    getattr(igm, "initialize_" + module)(params, state)
  File "/projects/etpi5866/igm/igm/modules/preproc/optimize.py", line 494, in initialize_optimize
    _update_plot_inversion(params, state, i)
  File "/projects/etpi5866/igm/igm/modules/preproc/optimize.py", line 871, in _update_plot_inversion
    + str(int(state.rmsvel[-1]))
ValueError: cannot convert float NaN to integer
