/projects/etpi5866/igm/igm/modules/preproc/load_ncdf.py:90: RuntimeWarning: invalid value encountered in greater
  vars()[var] = np.where(vars()[var] > 10**35, np.nan, vars()[var])
-----------------------------------------------------------------
Num GPUs Available:  0
-----------------------------------------------------------------
Found pretrained emulator in the igm package: pinnbp_10_4_cnn_16_32_2_1
                   Step  |  ICE_VOL |  COST_U  |  COST_H  |  COST_D  |  COST_S  |   REGU_H |   REGU_S | COST_GLEN  
OPTI 13:33:57 :        0 |   68877.98 |   1041.55 |     0.00 |     0.00 |     0.00 |    81.27 |     0.00 |     0.24 |
OPTI 13:42:38 :       50 |   68883.53 |   982.63 |     0.48 |     0.00 |     0.00 |    58.86 |   113.37 |    -0.38 |
OPTI 13:50:57 :      100 |   68944.16 |   963.20 |     1.30 |     0.00 |     0.00 |    46.53 |     2.95 |    -0.51 |
OPTI 13:59:03 :      150 |   68999.59 |   965.56 |     2.26 |     0.00 |     0.00 |    42.35 |     6.30 |    -0.62 |
OPTI 14:06:42 :      200 |   68992.02 |   965.68 |     3.26 |     0.00 |     0.00 |    37.42 |    15.01 |    -0.69 |
OPTI 14:13:17 :      250 |   68866.22 |   964.74 |     4.19 |     0.00 |     0.00 |    36.23 |    28.90 |    -0.72 |
OPTI 14:19:20 :      300 |   68825.05 |   965.76 |     4.84 |     0.00 |     0.00 |    37.00 |    37.37 |    -0.74 |
OPTI 14:25:28 :      350 |   68845.52 |   966.31 |     5.20 |     0.00 |     0.00 |    36.52 |    57.20 |    -0.74 |
OPTI 14:31:54 :      400 |   68845.90 |   965.18 |     5.48 |     0.00 |     0.00 |    35.40 |    89.12 |    -0.74 |
OPTI 14:37:50 :      450 |   68777.41 |   964.56 |     5.71 |     0.00 |     0.00 |    34.76 |    96.27 |    -0.74 |
OPTI 14:42:57 :      500 |   68739.34 |   964.38 |     5.96 |     0.00 |     0.00 |    34.44 |   102.49 |    -0.74 |
OPTI 14:48:01 :      550 |   68716.31 |   964.19 |     6.17 |     0.00 |     0.00 |    34.14 |    85.95 |    -0.74 |
OPTI 14:53:07 :      600 |   68692.22 |   963.83 |     6.34 |     0.00 |     0.00 |    33.73 |   147.11 |    -0.73 |
OPTI 14:58:12 :      650 |   68665.38 |   963.79 |     6.52 |     0.00 |     0.00 |    33.02 |   172.42 |    -0.73 |
OPTI 15:03:39 :      700 |   68648.23 |   963.56 |     6.66 |     0.00 |     0.00 |    32.39 |   145.08 |    -0.73 |
OPTI 15:09:59 :      750 |   68630.05 |   963.36 |     6.78 |     0.00 |     0.00 |    31.82 |   145.03 |    -0.73 |
OPTI 15:16:25 :      800 |   68614.70 |   963.63 |     6.88 |     0.00 |     0.00 |    31.51 |   110.33 |    -0.73 |
OPTI 15:22:57 :      850 |   68598.65 |   963.67 |     6.96 |     0.00 |     0.00 |    31.05 |   129.22 |    -0.73 |
OPTI 15:29:09 :      900 |   68584.70 |   965.64 |     7.01 |     0.00 |     0.00 |    30.20 |   175.26 |    -0.73 |
OPTI 15:34:44 :      950 |   68574.02 |   965.43 |     7.05 |     0.00 |     0.00 |    29.46 |   106.66 |    -0.73 |
