/projects/etpi5866/igm/igm/modules/preproc/load_ncdf.py:90: RuntimeWarning: invalid value encountered in greater
  vars()[var] = np.where(vars()[var] > 10**35, np.nan, vars()[var])
-----------------------------------------------------------------
Num GPUs Available:  0
-----------------------------------------------------------------
Found pretrained emulator in the igm package: pinnbp_10_4_cnn_16_32_2_1
                   Step  |  ICE_VOL |  COST_U  |  COST_H  |  COST_D  |  COST_S  |   REGU_H |   REGU_S | COST_GLEN  
OPTI 13:33:55 :        0 |   1267.11 |   338.23 |     0.00 |     0.00 |     0.00 |    39.18 |     0.00 |    16.01 |
OPTI 13:41:03 :       50 |   1269.16 |   227.44 |     0.48 |     0.00 |     0.00 |    36.21 |   133.97 |    -0.66 |
OPTI 13:46:58 :      100 |   1268.75 |   227.48 |     1.06 |     0.00 |     0.00 |    34.08 |     5.17 |    -0.77 |
OPTI 13:52:23 :      150 |   1268.35 |   225.85 |     1.43 |     0.00 |     0.00 |    32.24 |     6.71 |    -0.82 |
OPTI 13:57:50 :      200 |   1267.77 |   225.14 |     1.71 |     0.00 |     0.00 |    30.99 |    14.14 |    -0.87 |
OPTI 14:03:18 :      250 |   1266.42 |   225.74 |     2.00 |     0.00 |     0.00 |    31.41 |    34.27 |    -0.92 |
OPTI 14:09:21 :      300 |   1261.63 |   227.54 |     2.29 |     0.00 |     0.00 |    32.43 |    29.65 |    -0.96 |
OPTI 14:16:11 :      350 |   1257.50 |   228.61 |     2.66 |     0.00 |     0.00 |    34.37 |    36.99 |    -0.97 |
OPTI 14:23:17 :      400 |   1254.77 |   229.55 |     3.01 |     0.00 |     0.00 |    37.32 |    61.30 |    -0.98 |
OPTI 14:31:09 :      450 |   1252.83 |   230.66 |     3.26 |     0.00 |     0.00 |    37.35 |    60.78 |    -0.99 |
OPTI 14:38:53 :      500 |   1251.94 |   231.40 |     3.48 |     0.00 |     0.00 |    37.06 |    63.31 |    -1.00 |
OPTI 14:45:09 :      550 |   1251.13 |   231.93 |     3.62 |     0.00 |     0.00 |    36.94 |    68.41 |    -1.00 |
OPTI 14:51:54 :      600 |   1250.12 |   232.30 |     3.78 |     0.00 |     0.00 |    36.72 |    81.88 |    -1.01 |
OPTI 14:57:25 :      650 |   1249.12 |   232.44 |     3.92 |     0.00 |     0.00 |    36.31 |    72.93 |    -1.01 |
OPTI 15:02:52 :      700 |   1248.25 |   232.64 |     4.06 |     0.00 |     0.00 |    36.29 |   105.47 |    -1.01 |
OPTI 15:08:16 :      750 |   1247.31 |   232.75 |     4.19 |     0.00 |     0.00 |    36.22 |   123.26 |    -1.01 |
OPTI 15:13:39 :      800 |   1247.04 |   232.86 |     4.25 |     0.00 |     0.00 |    36.19 |    94.63 |    -1.01 |
OPTI 15:19:00 :      850 |   1246.77 |   232.88 |     4.32 |     0.00 |     0.00 |    35.95 |    75.54 |    -1.02 |
OPTI 15:24:20 :      900 |   1247.00 |   233.01 |     4.39 |     0.00 |     0.00 |    35.76 |    92.00 |    -1.03 |
OPTI 15:29:34 :      950 |   1246.61 |   233.19 |     4.59 |     0.00 |     0.00 |    35.55 |    95.02 |    -1.03 |
