/projects/etpi5866/igm/igm/modules/preproc/load_ncdf.py:88: RuntimeWarning: invalid value encountered in greater
  vars()[var] = np.where(vars()[var] > 10**35, np.nan, vars()[var])
                   Step  |  ICE_VOL |  COST_U  |  COST_H  |  COST_D  |  COST_S  |   REGU_H |   REGU_S | COST_GLEN  
OPTI 13:06:22 :        0 |   512.53 |    97.47 |     0.00 |     0.00 |     0.00 |   100.91 |     0.00 |     6.80 |
OPTI 13:08:23 :       50 |   513.91 |    78.43 |     1.26 |     0.00 |     0.00 |    56.99 |    52.82 |    -0.91 |
OPTI 13:10:13 :      100 |   514.42 |    72.34 |     3.37 |     0.00 |     0.00 |    44.04 |     1.17 |    -1.45 |
OPTI 13:12:03 :      150 |   515.29 |    68.86 |     5.19 |     0.00 |     0.00 |    37.19 |     1.23 |    -1.80 |
OPTI 13:13:54 :      200 |   516.06 |    68.01 |     6.53 |     0.00 |     0.00 |    33.89 |     4.11 |    -1.98 |
OPTI 13:15:47 :      250 |   516.47 |    67.50 |     7.52 |     0.00 |     0.00 |    32.08 |     5.50 |    -2.10 |
OPTI 13:17:37 :      300 |   516.52 |    67.05 |     8.17 |     0.00 |     0.00 |    30.37 |    10.50 |    -2.17 |
OPTI 13:19:35 :      350 |   516.31 |    66.80 |     8.62 |     0.00 |     0.00 |    28.66 |    17.85 |    -2.22 |
OPTI 13:21:37 :      400 |   515.93 |    66.57 |     8.94 |     0.00 |     0.00 |    26.76 |    21.15 |    -2.26 |
OPTI 13:23:41 :      450 |   515.49 |    66.47 |     9.20 |     0.00 |     0.00 |    25.94 |    26.63 |    -2.28 |
OPTI 13:25:45 :      500 |   515.09 |    66.35 |     9.40 |     0.00 |     0.00 |    26.06 |    31.94 |    -2.30 |
OPTI 13:27:48 :      550 |   514.65 |    66.24 |     9.56 |     0.00 |     0.00 |    25.90 |    37.04 |    -2.31 |
OPTI 13:29:50 :      600 |   514.13 |    66.17 |     9.67 |     0.00 |     0.00 |    25.73 |    39.17 |    -2.31 |
OPTI 13:31:52 :      650 |   513.71 |    66.16 |     9.74 |     0.00 |     0.00 |    25.44 |    47.35 |    -2.32 |
OPTI 13:33:59 :      700 |   513.40 |    66.14 |     9.78 |     0.00 |     0.00 |    25.20 |    50.11 |    -2.32 |
OPTI 13:36:00 :      750 |   513.15 |    66.09 |     9.80 |     0.00 |     0.00 |    25.03 |    33.02 |    -2.33 |
OPTI 13:37:49 :      800 |   512.99 |    66.04 |     9.80 |     0.00 |     0.00 |    24.85 |    38.81 |    -2.33 |
OPTI 13:39:39 :      850 |   512.90 |    65.96 |     9.80 |     0.00 |     0.00 |    24.70 |    57.41 |    -2.34 |
OPTI 13:41:28 :      900 |   512.80 |    65.91 |     9.79 |     0.00 |     0.00 |    24.71 |    50.11 |    -2.35 |
OPTI 13:43:20 :      950 |   512.73 |    65.89 |     9.79 |     0.00 |     0.00 |    24.68 |    36.96 |    -2.36 |
