/projects/etpi5866/igm/igm/modules/preproc/load_ncdf.py:88: RuntimeWarning: invalid value encountered in greater
  vars()[var] = np.where(vars()[var] > 10**35, np.nan, vars()[var])
/projects/etpi5866/software/anaconda/envs/igm/lib/python3.10/site-packages/numpy/core/fromnumeric.py:3432: RuntimeWarning: Mean of empty slice.
  return _methods._mean(a, axis=axis, dtype=dtype,
/projects/etpi5866/software/anaconda/envs/igm/lib/python3.10/site-packages/numpy/core/_methods.py:190: RuntimeWarning: invalid value encountered in double_scalars
  ret = ret.dtype.type(ret / rcount)
WARNING: the following parameters of the json file do not exist in igm:  time_start
WARNING: the following parameters of the json file do not exist in igm:  time_end
WARNING: the following parameters of the json file do not exist in igm:  time_save
WARNING: the following parameters of the json file do not exist in igm:  opti_velobs_std
WARNING: the following parameters of the json file do not exist in igm:  init_slidingco
WARNING: the following parameters of the json file do not exist in igm:  vars_to_save_ncdf_ex
                   Step  |  ICE_VOL |  COST_U  |  COST_H  |  COST_D  |  COST_S  |   REGU_H |   REGU_S | COST_GLEN  
OPTI 15:29:49 :        0 |   512.53 |   1917.78 |     0.00 |     0.00 |     0.00 |    84.22 |     0.00 |     6.46 |
OPTI 15:32:01 :       50 |   519.88 |   1712.15 |     3.00 |     0.00 |     0.00 |    66.06 |     0.00 |    -1.81 |
OPTI 15:34:11 :      100 |   521.97 |   1549.14 |     8.34 |     0.00 |     0.00 |    59.33 |     0.00 |    -2.30 |
OPTI 15:36:19 :      150 |   521.24 |   1514.89 |    12.26 |     0.00 |     0.00 |    58.12 |     0.00 |    -2.52 |
OPTI 15:38:27 :      200 |   519.16 |   1494.47 |    15.63 |     0.00 |     0.00 |    60.13 |     0.00 |    -2.62 |
OPTI 15:40:33 :      250 |   517.64 |   1486.09 |    18.20 |     0.00 |     0.00 |    62.36 |     0.00 |    -2.68 |
OPTI 15:42:42 :      300 |   516.80 |   1488.58 |    19.59 |     0.00 |     0.00 |    64.07 |     0.00 |    -2.71 |
OPTI 15:44:50 :      350 |   515.71 |   1482.36 |    20.55 |     0.00 |     0.00 |    65.19 |     0.00 |    -2.74 |
OPTI 15:46:58 :      400 |   515.59 |   1461.88 |    20.96 |     0.00 |     0.00 |    67.12 |     0.00 |    -2.80 |
OPTI 15:49:05 :      450 |   515.54 |   1438.55 |    21.42 |     0.00 |     0.00 |    69.30 |     0.00 |    -2.85 |
IGM %s :         Iterations   |         Time (y)     |     Time Step (y)   |   Ice Volume (km^3) 
Computational statistics report:
                      iceflow  |  mean time per it :      nan  |  total :   0.0000  |  number it  :        0
                     optimize  |  mean time per it :   2.5783  |  total : 1289.1634  |  number it  :      500
                   write_ncdf  |  mean time per it :      nan  |  total :   0.0000  |  number it  :        0
                       plot2d  |  mean time per it :      nan  |  total :   0.0000  |  number it  :        0
