/projects/etpi5866/igm/igm/modules/preproc/load_ncdf.py:88: RuntimeWarning: invalid value encountered in greater
  vars()[var] = np.where(vars()[var] > 10**35, np.nan, vars()[var])
                   Step  |  ICE_VOL |  COST_U  |  COST_H  |  COST_D  |  COST_S  |   REGU_H |   REGU_S | COST_GLEN  
OPTI 13:10:49 :        0 |   512.53 |   393.02 |     0.00 |     0.00 |     0.00 |    10.04 |     0.00 |     7.02 |
OPTI 13:13:22 :       50 |   517.46 |   311.08 |     0.40 |     0.00 |     0.00 |     7.44 |    57.50 |    -0.93 |
OPTI 13:15:52 :      100 |   516.51 |   290.84 |     1.06 |     0.00 |     0.00 |     7.61 |     2.41 |    -1.38 |
OPTI 13:18:18 :      150 |   516.83 |   276.52 |     2.11 |     0.00 |     0.00 |     8.34 |     1.57 |    -1.77 |
OPTI 13:20:44 :      200 |   524.38 |   268.55 |     3.14 |     0.00 |     0.00 |     9.57 |     3.09 |    -2.06 |
OPTI 13:23:08 :      250 |   529.76 |   264.57 |     3.82 |     0.00 |     0.00 |    10.13 |     5.52 |    -2.23 |
OPTI 13:25:36 :      300 |   533.87 |   261.11 |     4.37 |     0.00 |     0.00 |    10.55 |     9.20 |    -2.34 |
OPTI 13:27:56 :      350 |   536.14 |   258.42 |     4.77 |     0.00 |     0.00 |    10.52 |    14.60 |    -2.42 |
OPTI 13:30:18 :      400 |   537.65 |   256.55 |     5.06 |     0.00 |     0.00 |    10.29 |    21.26 |    -2.48 |
OPTI 13:32:43 :      450 |   537.90 |   254.70 |     5.19 |     0.00 |     0.00 |    10.08 |    20.94 |    -2.52 |
OPTI 13:35:05 :      500 |   537.77 |   253.68 |     5.27 |     0.00 |     0.00 |     9.84 |    29.30 |    -2.56 |
OPTI 13:37:27 :      550 |   537.87 |   252.76 |     5.31 |     0.00 |     0.00 |     9.49 |    35.12 |    -2.59 |
OPTI 13:39:51 :      600 |   538.13 |   251.94 |     5.35 |     0.00 |     0.00 |     9.32 |    34.77 |    -2.62 |
OPTI 13:42:13 :      650 |   539.39 |   249.35 |     5.45 |     0.00 |     0.00 |     9.21 |    49.99 |    -2.72 |
OPTI 13:44:36 :      700 |   511.39 |   7648.07 |     4.52 |     0.00 |     0.00 |    15.61 |   1328.58 |   -4693.98 |
OPTI 13:46:59 :      750 |   503.48 |   316.55 |     5.49 |     0.00 |     0.00 |    14.86 |   150.49 |     5.63 |
OPTI 13:49:24 :      800 |   502.50 |   291.29 |     5.64 |     0.00 |     0.00 |    12.76 |    80.83 |     2.11 |
OPTI 13:51:47 :      850 |   501.71 |   265.38 |     5.74 |     0.00 |     0.00 |    11.72 |    61.00 |    -2.23 |
OPTI 13:54:09 :      900 |   500.81 |   232.22 |     5.84 |     0.00 |     0.00 |    11.25 |    53.54 |    -1.74 |
OPTI 13:56:32 :      950 |   500.10 |   228.16 |     5.86 |     0.00 |     0.00 |    10.83 |    49.21 |     1.30 |
