/projects/etpi5866/igm/igm/modules/preproc/load_ncdf.py:90: RuntimeWarning: invalid value encountered in greater
  vars()[var] = np.where(vars()[var] > 10**35, np.nan, vars()[var])
-----------------------------------------------------------------
Num GPUs Available:  0
-----------------------------------------------------------------
Found pretrained emulator in the igm package: pinnbp_10_4_cnn_16_32_2_1
                   Step  |  ICE_VOL |  COST_U  |  COST_H  |  COST_D  |  COST_S  |   REGU_H |   REGU_S | COST_GLEN  
OPTI 13:33:54 :        0 |   514.11 |   577.05 |     0.00 |     0.00 |     0.00 |     8.01 |     0.00 |    21.43 |
OPTI 13:40:01 :       50 |   517.10 |   370.43 |     0.20 |     0.00 |     0.00 |     7.38 |   153.38 |    -0.57 |
OPTI 13:45:26 :      100 |   514.62 |   1760.94 |     0.66 |     0.00 |     0.00 |     7.29 |     7.44 |   -79.23 |
OPTI 13:50:08 :      150 |   521.58 |   429.72 |     1.24 |     0.00 |     0.00 |     4.47 |     4.15 |     0.02 |
OPTI 13:54:53 :      200 |   521.93 |   429.81 |     1.11 |     0.00 |     0.00 |     4.08 |     1.81 |     0.02 |
OPTI 13:59:37 :      250 |   522.15 |   429.91 |     1.01 |     0.00 |     0.00 |     3.85 |     1.90 |     0.01 |
OPTI 14:04:23 :      300 |   522.26 |   429.95 |     0.94 |     0.00 |     0.00 |     3.70 |     1.31 |     0.01 |
OPTI 14:09:48 :      350 |   522.27 |   429.98 |     0.89 |     0.00 |     0.00 |     3.58 |     3.78 |     0.01 |
OPTI 14:15:48 :      400 |   522.20 |   430.02 |     0.85 |     0.00 |     0.00 |     3.48 |     7.95 |     0.01 |
OPTI 14:22:00 :      450 |   522.06 |   430.05 |     0.81 |     0.00 |     0.00 |     3.39 |     9.15 |     0.00 |
OPTI 14:28:56 :      500 |   521.87 |   430.06 |     0.78 |     0.00 |     0.00 |     3.31 |    10.17 |     0.00 |
OPTI 14:36:12 :      550 |   521.65 |   430.07 |     0.76 |     0.00 |     0.00 |     3.27 |    16.52 |     0.00 |
OPTI 14:42:24 :      600 |   521.39 |   430.05 |     0.73 |     0.00 |     0.00 |     3.26 |    23.86 |     0.00 |
OPTI 14:47:58 :      650 |   521.11 |   430.04 |     0.72 |     0.00 |     0.00 |     3.25 |    20.16 |    -0.00 |
OPTI 14:53:49 :      700 |   520.82 |   430.03 |     0.70 |     0.00 |     0.00 |     3.25 |    24.73 |    -0.00 |
OPTI 14:58:42 :      750 |   520.53 |   430.02 |     0.69 |     0.00 |     0.00 |     3.24 |    36.94 |    -0.00 |
OPTI 15:03:27 :      800 |   520.24 |   430.02 |     0.67 |     0.00 |     0.00 |     3.22 |    40.58 |    -0.00 |
OPTI 15:08:13 :      850 |   519.95 |   430.02 |     0.66 |     0.00 |     0.00 |     3.21 |    36.43 |    -0.00 |
OPTI 15:12:58 :      900 |   519.68 |   430.02 |     0.65 |     0.00 |     0.00 |     3.20 |    33.07 |    -0.00 |
OPTI 15:17:40 :      950 |   519.42 |   430.01 |     0.64 |     0.00 |     0.00 |     3.18 |    47.81 |    -0.00 |
