/projects/etpi5866/igm/igm/modules/preproc/load_ncdf.py:88: RuntimeWarning: invalid value encountered in greater
  vars()[var] = np.where(vars()[var] > 10**35, np.nan, vars()[var])
                   Step  |  ICE_VOL |  COST_U  |  COST_H  |  COST_D  |  COST_S  |   REGU_H |   REGU_S | COST_GLEN  
OPTI 11:08:29 :        0 |   512.53 |   394.55 |     0.00 |     0.00 |     0.00 |    10.03 |     0.00 |     7.13 |
OPTI 11:10:49 :       50 |   514.89 |   312.22 |     1.47 |     0.00 |     0.00 |     7.61 |    57.40 |    -0.91 |
OPTI 11:13:10 :      100 |   513.65 |   294.85 |     2.56 |     0.00 |     0.00 |     8.14 |     2.32 |    -1.30 |
OPTI 11:15:34 :      150 |   513.85 |   283.30 |     4.32 |     0.00 |     0.00 |     8.90 |     1.81 |    -1.58 |
OPTI 11:18:00 :      200 |   517.13 |   275.42 |     6.33 |     0.00 |     0.00 |     9.31 |     3.13 |    -1.79 |
OPTI 11:20:24 :      250 |   517.46 |   274.10 |     7.71 |     0.00 |     0.00 |     9.70 |     6.30 |    -1.86 |
OPTI 11:22:48 :      300 |   517.84 |   272.23 |     8.10 |     0.00 |     0.00 |     9.69 |     9.77 |    -1.91 |
OPTI 11:25:13 :      350 |   518.06 |   270.39 |     8.20 |     0.00 |     0.00 |     9.88 |    17.79 |    -1.96 |
OPTI 11:27:42 :      400 |   518.69 |   268.65 |     8.10 |     0.00 |     0.00 |     9.93 |    24.08 |    -2.03 |
OPTI 11:30:06 :      450 |   519.87 |   269.44 |     7.84 |     0.00 |     0.00 |    10.35 |    39.20 |    -3.99 |
OPTI 11:32:31 :      500 |   511.37 |   400.83 |     6.59 |     0.00 |     0.00 |     6.42 |    24.46 |     0.09 |
OPTI 11:34:56 :      550 |   511.41 |   397.62 |     3.72 |     0.00 |     0.00 |     5.64 |     0.23 |    -0.05 |
OPTI 11:37:22 :      600 |   510.97 |   393.59 |     2.55 |     0.00 |     0.00 |     5.54 |    20.81 |    -0.09 |
OPTI 11:39:45 :      650 |   510.79 |   386.24 |     2.05 |     0.00 |     0.00 |     6.49 |    61.70 |    -0.16 |
OPTI 11:42:09 :      700 |   510.57 |   381.61 |     1.80 |     0.00 |     0.00 |     6.73 |    20.29 |    -0.21 |
OPTI 11:44:34 :      750 |   510.82 |   375.44 |     1.68 |     0.00 |     0.00 |     6.88 |    41.55 |    -0.26 |
OPTI 11:46:54 :      800 |   510.79 |   370.85 |     1.62 |     0.00 |     0.00 |     6.99 |    42.57 |    -0.31 |
OPTI 11:49:11 :      850 |   510.62 |   366.47 |     1.60 |     0.00 |     0.00 |     7.02 |    39.49 |    -0.36 |
OPTI 11:51:30 :      900 |   510.44 |   361.80 |     1.58 |     0.00 |     0.00 |     7.03 |    50.62 |    -0.40 |
OPTI 11:53:48 :      950 |   510.35 |   357.46 |     1.55 |     0.00 |     0.00 |     7.05 |    53.98 |    -0.45 |
