/projects/etpi5866/igm/igm/modules/preproc/load_ncdf.py:88: RuntimeWarning: invalid value encountered in greater
  vars()[var] = np.where(vars()[var] > 10**35, np.nan, vars()[var])
                   Step  |  ICE_VOL |  COST_U  |  COST_H  |  COST_D  |  COST_S  |   REGU_H |   REGU_S | COST_GLEN  
OPTI 11:49:49 :        0 |   512.53 |   366.70 |     0.00 |     0.00 |     0.00 |   101.72 |     0.00 |     5.03 |
OPTI 11:52:48 :       50 |   514.95 |   318.72 |     1.32 |     0.00 |     0.00 |    56.99 |    55.89 |    -0.82 |
OPTI 11:55:21 :      100 |   516.30 |   297.26 |     3.88 |     0.00 |     0.00 |    43.99 |     2.04 |    -1.34 |
OPTI 11:57:38 :      150 |   519.93 |   279.47 |     6.36 |     0.00 |     0.00 |    38.33 |     2.44 |    -1.87 |
OPTI 11:59:51 :      200 |   520.88 |   272.54 |     8.04 |     0.00 |     0.00 |    35.43 |     4.91 |    -2.07 |
OPTI 12:02:08 :      250 |   520.86 |   268.35 |     9.16 |     0.00 |     0.00 |    33.82 |     9.82 |    -2.19 |
OPTI 12:04:25 :      300 |   520.09 |   265.62 |    10.00 |     0.00 |     0.00 |    33.09 |    13.23 |    -2.25 |
OPTI 12:06:40 :      350 |   519.70 |   264.75 |    10.65 |     0.00 |     0.00 |    32.61 |    20.16 |    -2.28 |
OPTI 12:08:55 :      400 |   519.57 |   262.49 |    11.24 |     0.00 |     0.00 |    32.40 |    24.21 |    -2.32 |
OPTI 12:10:58 :      450 |   519.63 |   261.79 |    11.81 |     0.00 |     0.00 |    32.18 |    32.53 |    -2.33 |
OPTI 12:13:02 :      500 |   519.26 |   261.47 |    12.29 |     0.00 |     0.00 |    31.82 |    38.78 |    -2.34 |
OPTI 12:15:07 :      550 |   519.17 |   260.39 |    12.61 |     0.00 |     0.00 |    31.55 |    35.87 |    -2.36 |
OPTI 12:17:12 :      600 |   519.34 |   259.68 |    12.78 |     0.00 |     0.00 |    31.48 |    39.68 |    -2.38 |
OPTI 12:19:13 :      650 |   519.46 |   258.75 |    12.84 |     0.00 |     0.00 |    31.56 |    32.22 |    -2.39 |
OPTI 12:21:07 :      700 |   519.58 |   257.64 |    12.89 |     0.00 |     0.00 |    31.57 |    38.93 |    -2.41 |
OPTI 12:23:03 :      750 |   519.59 |   256.79 |    12.92 |     0.00 |     0.00 |    31.96 |    45.67 |    -2.42 |
OPTI 12:24:58 :      800 |   519.56 |   256.02 |    12.92 |     0.00 |     0.00 |    32.22 |    56.49 |    -2.43 |
OPTI 12:26:53 :      850 |   519.53 |   255.27 |    12.86 |     0.00 |     0.00 |    32.32 |    33.71 |    -2.44 |
OPTI 12:28:49 :      900 |   519.53 |   254.64 |    12.87 |     0.00 |     0.00 |    32.62 |    65.43 |    -2.46 |
OPTI 12:30:46 :      950 |   519.38 |   253.82 |    12.92 |     0.00 |     0.00 |    32.81 |    58.36 |    -2.47 |
