/projects/etpi5866/igm/igm/modules/preproc/load_ncdf.py:88: RuntimeWarning: invalid value encountered in greater
  vars()[var] = np.where(vars()[var] > 10**35, np.nan, vars()[var])
                   Step  |  ICE_VOL |  COST_U  |  COST_H  |  COST_D  |  COST_S  |   REGU_H |   REGU_S | COST_GLEN  
OPTI 09:45:53 :        0 |   512.53 |   394.55 |     0.00 |     0.00 |     0.00 |   100.25 |     0.00 |     7.13 |
OPTI 09:47:57 :       50 |   514.73 |   310.31 |     2.63 |     0.00 |     0.00 |    58.24 |   284.13 |    -0.95 |
OPTI 09:50:13 :      100 |   515.13 |   287.58 |     6.12 |     0.00 |     0.00 |    48.30 |     7.87 |    -1.48 |
OPTI 09:52:35 :      150 |   515.79 |   273.23 |     9.06 |     0.00 |     0.00 |    43.21 |     8.17 |    -1.83 |
OPTI 09:54:55 :      200 |   517.01 |   268.25 |    11.33 |     0.00 |     0.00 |    40.93 |    16.06 |    -2.02 |
OPTI 09:57:18 :      250 |   518.00 |   265.36 |    12.92 |     0.00 |     0.00 |    39.84 |    22.74 |    -2.12 |
OPTI 09:59:39 :      300 |   518.21 |   263.63 |    13.81 |     0.00 |     0.00 |    39.49 |    38.66 |    -2.16 |
OPTI 10:02:00 :      350 |   518.28 |   262.42 |    14.21 |     0.00 |     0.00 |    38.50 |    62.95 |    -2.19 |
OPTI 10:04:24 :      400 |   518.16 |   261.65 |    14.59 |     0.00 |     0.00 |    37.25 |    72.10 |    -2.21 |
OPTI 10:06:47 :      450 |   517.69 |   261.19 |    14.98 |     0.00 |     0.00 |    35.96 |    87.21 |    -2.22 |
OPTI 10:09:15 :      500 |   517.34 |   260.55 |    15.32 |     0.00 |     0.00 |    34.93 |   147.46 |    -2.23 |
OPTI 10:11:41 :      550 |   517.03 |   259.77 |    15.58 |     0.00 |     0.00 |    34.89 |   168.39 |    -2.25 |
OPTI 10:14:06 :      600 |   516.84 |   258.64 |    15.77 |     0.00 |     0.00 |    35.03 |   155.84 |    -2.26 |
OPTI 10:16:31 :      650 |   516.83 |   257.08 |    15.90 |     0.00 |     0.00 |    35.13 |   195.42 |    -2.28 |
OPTI 10:18:52 :      700 |   517.09 |   255.05 |    15.95 |     0.00 |     0.00 |    35.06 |   204.89 |    -2.31 |
OPTI 10:21:12 :      750 |   517.44 |   253.77 |    15.81 |     0.00 |     0.00 |    35.35 |   220.91 |    -2.33 |
OPTI 10:23:33 :      800 |   517.87 |   252.67 |    15.66 |     0.00 |     0.00 |    36.18 |   227.14 |    -2.35 |
OPTI 10:25:52 :      850 |   518.27 |   251.71 |    15.58 |     0.00 |     0.00 |    37.33 |   198.61 |    -2.37 |
OPTI 10:28:08 :      900 |   518.53 |   250.61 |    15.53 |     0.00 |     0.00 |    38.31 |   304.24 |    -2.39 |
OPTI 10:30:25 :      950 |   518.63 |   249.75 |    15.50 |     0.00 |     0.00 |    39.02 |   259.83 |    -2.40 |
