/projects/etpi5866/igm/igm/modules/preproc/load_ncdf.py:90: RuntimeWarning: invalid value encountered in greater
  vars()[var] = np.where(vars()[var] > 10**35, np.nan, vars()[var])
-----------------------------------------------------------------
Num GPUs Available:  0
-----------------------------------------------------------------
Found pretrained emulator in the igm package: pinnbp_10_4_cnn_16_32_2_1
                   Step  |  ICE_VOL |  COST_U  |  COST_H  |  COST_D  |  COST_S  |   REGU_H |   REGU_S | COST_GLEN  
OPTI 14:00:10 :        0 |   49539.68 |   436.50 |     0.00 |     0.00 |     0.00 |   400.37 |     0.00 |     2.13 |
OPTI 14:10:19 :       50 |   49604.06 |   332.15 |     1.19 |     0.00 |     0.00 |   225.45 |   262.78 |    -1.73 |
OPTI 14:20:21 :      100 |   49650.08 |   312.51 |     3.17 |     0.00 |     0.00 |   146.75 |     6.67 |    -2.15 |
OPTI 14:30:28 :      150 |   49763.15 |   383.47 |     5.17 |     0.00 |     0.00 |   131.50 |    43.17 |     4.04 |
OPTI 14:41:37 :      200 |   49773.09 |   455.74 |     5.77 |     0.00 |     0.00 |    71.18 |     7.40 |     0.04 |
OPTI 14:53:05 :      250 |   49754.98 |   455.79 |     5.85 |     0.00 |     0.00 |    60.50 |     4.32 |     0.02 |
OPTI 15:04:09 :      300 |   49743.41 |   455.86 |     6.17 |     0.00 |     0.00 |    51.02 |     3.53 |     0.01 |
OPTI 15:14:26 :      350 |   49727.22 |   455.92 |     6.24 |     0.00 |     0.00 |    45.33 |     3.41 |     0.01 |
OPTI 15:25:02 :      400 |   49713.83 |   455.96 |     6.38 |     0.00 |     0.00 |    41.09 |     3.00 |     0.00 |
OPTI 15:35:00 :      450 |   49702.78 |   455.99 |     6.61 |     0.00 |     0.00 |    37.84 |     4.26 |    -0.00 |
OPTI 15:44:00 :      500 |   49693.75 |   455.99 |     6.92 |     0.00 |     0.00 |    35.38 |     7.68 |    -0.01 |
OPTI 15:53:32 :      550 |   49686.20 |   455.98 |     7.29 |     0.00 |     0.00 |    33.54 |    33.46 |    -0.01 |
OPTI 16:03:05 :      600 |   49679.55 |   455.95 |     7.71 |     0.00 |     0.00 |    32.11 |    58.65 |    -0.02 |
OPTI 16:12:39 :      650 |   49672.92 |   455.91 |     8.16 |     0.00 |     0.00 |    30.91 |   125.84 |    -0.03 |
OPTI 16:22:06 :      700 |   49665.64 |   455.85 |     8.60 |     0.00 |     0.00 |    29.82 |   145.17 |    -0.03 |
OPTI 16:31:30 :      750 |   49657.38 |   455.76 |     9.03 |     0.00 |     0.00 |    28.86 |   241.31 |    -0.04 |
OPTI 16:41:02 :      800 |   49648.43 |   455.44 |     9.44 |     0.00 |     0.00 |    28.30 |   189.23 |    -0.06 |
OPTI 16:50:27 :      850 |   49638.64 |   455.07 |     9.88 |     0.00 |     0.00 |    27.83 |   348.32 |    -0.08 |
OPTI 16:59:52 :      900 |   49628.54 |   454.60 |    10.30 |     0.00 |     0.00 |    27.42 |   453.29 |    -0.11 |
OPTI 17:09:02 :      950 |   49618.52 |   453.82 |    10.71 |     0.00 |     0.00 |    27.20 |   442.41 |    -0.15 |
