/projects/etpi5866/igm/igm/modules/preproc/load_ncdf.py:90: RuntimeWarning: invalid value encountered in greater
  vars()[var] = np.where(vars()[var] > 10**35, np.nan, vars()[var])
-----------------------------------------------------------------
Num GPUs Available:  0
-----------------------------------------------------------------
Found pretrained emulator in the igm package: pinnbp_10_4_cnn_16_32_2_1
                   Step  |  ICE_VOL |  COST_U  |  COST_H  |  COST_D  |  COST_S  |   REGU_H |   REGU_S | COST_GLEN  
OPTI 13:33:54 :        0 |   315.18 |   164.61 |     0.00 |     0.00 |     0.00 |    50.48 |     0.00 |    -0.38 |
OPTI 13:40:26 :       50 |   320.89 |   182.91 |     0.37 |     0.00 |     0.00 |    41.66 |    90.80 |    -0.79 |
OPTI 13:46:00 :      100 |   320.53 |   172.84 |     0.99 |     0.00 |     0.00 |    47.44 |     4.25 |    -0.62 |
OPTI 13:50:55 :      150 |   320.50 |   167.10 |     1.65 |     0.00 |     0.00 |    51.85 |     8.69 |    -0.58 |
OPTI 13:55:54 :      200 |   319.54 |   163.28 |     2.17 |     0.00 |     0.00 |    53.37 |    15.58 |    -0.56 |
OPTI 14:00:53 :      250 |   318.29 |   160.21 |     2.66 |     0.00 |     0.00 |    53.63 |    21.22 |    -0.54 |
OPTI 14:05:54 :      300 |   317.33 |   157.78 |     3.13 |     0.00 |     0.00 |    53.90 |    30.21 |    -0.53 |
OPTI 14:12:07 :      350 |   316.42 |   156.14 |     3.52 |     0.00 |     0.00 |    53.96 |    38.89 |    -0.53 |
OPTI 14:18:25 :      400 |   315.61 |   155.01 |     3.82 |     0.00 |     0.00 |    53.98 |    54.01 |    -0.53 |
OPTI 14:25:19 :      450 |   314.73 |   154.22 |     4.07 |     0.00 |     0.00 |    53.87 |    58.64 |    -0.52 |
OPTI 14:32:31 :      500 |   313.76 |   153.71 |     4.26 |     0.00 |     0.00 |    53.62 |    60.56 |    -0.52 |
OPTI 14:39:35 :      550 |   313.03 |   153.36 |     4.40 |     0.00 |     0.00 |    53.40 |    60.39 |    -0.52 |
OPTI 14:45:27 :      600 |   312.48 |   153.14 |     4.51 |     0.00 |     0.00 |    53.27 |    70.19 |    -0.52 |
OPTI 14:51:45 :      650 |   312.41 |   152.88 |     4.62 |     0.00 |     0.00 |    53.21 |    87.45 |    -0.52 |
OPTI 14:56:51 :      700 |   311.99 |   152.77 |     4.69 |     0.00 |     0.00 |    53.11 |    84.91 |    -0.51 |
OPTI 15:01:57 :      750 |   311.62 |   152.73 |     4.72 |     0.00 |     0.00 |    53.02 |    75.91 |    -0.51 |
OPTI 15:06:56 :      800 |   311.27 |   152.68 |     4.75 |     0.00 |     0.00 |    52.93 |    84.75 |    -0.51 |
OPTI 15:11:56 :      850 |   310.87 |   152.63 |     4.78 |     0.00 |     0.00 |    52.82 |    85.46 |    -0.51 |
OPTI 15:16:51 :      900 |   310.56 |   152.62 |     4.79 |     0.00 |     0.00 |    52.81 |    86.18 |    -0.50 |
OPTI 15:21:46 :      950 |   310.29 |   152.61 |     4.80 |     0.00 |     0.00 |    52.80 |   106.13 |    -0.50 |
