/projects/etpi5866/igm/igm/modules/preproc/load_ncdf.py:90: RuntimeWarning: invalid value encountered in greater
  vars()[var] = np.where(vars()[var] > 10**35, np.nan, vars()[var])
-----------------------------------------------------------------
Num GPUs Available:  0
-----------------------------------------------------------------
Found pretrained emulator in the igm package: pinnbp_10_4_cnn_16_32_2_1
                   Step  |  ICE_VOL |  COST_U  |  COST_H  |  COST_D  |  COST_S  |   REGU_H |   REGU_S | COST_GLEN  
OPTI 13:34:02 :        0 |   308909.69 |   704.54 |     0.00 |     0.00 |     0.00 |    78.45 |     0.00 |     0.30 |
OPTI 13:49:05 :       50 |   308969.09 |   539.01 |     0.48 |     0.00 |     0.00 |    54.99 |   244.92 |    -0.87 |
OPTI 14:02:41 :      100 |   309900.50 |   542.79 |     1.29 |     0.00 |     0.00 |    36.61 |     3.52 |    -0.99 |
OPTI 14:14:26 :      150 |   310534.34 |   529.65 |     2.39 |     0.00 |     0.00 |    30.49 |     4.82 |    -1.10 |
OPTI 14:24:29 :      200 |   310450.97 |   515.99 |     3.03 |     0.00 |     0.00 |    27.99 |    16.47 |    -1.24 |
OPTI 14:35:07 :      250 |   309902.75 |   491.09 |     3.63 |     0.00 |     0.00 |    28.69 |    31.00 |    -1.42 |
OPTI 14:43:51 :      300 |   309070.50 |   511.14 |     4.66 |     0.00 |     0.00 |    31.95 |    49.35 |    -1.29 |
OPTI 14:52:09 :      350 |   309296.91 |   465.75 |     5.20 |     0.00 |     0.00 |    33.37 |    80.47 |    -1.59 |
OPTI 15:00:38 :      400 |   309598.00 |   461.94 |     5.38 |     0.00 |     0.00 |    32.54 |   173.07 |    -1.45 |
OPTI 15:10:54 :      450 |   308843.22 |   455.60 |     5.55 |     0.00 |     0.00 |    30.39 |   208.75 |    -1.62 |
OPTI 15:21:46 :      500 |   308215.88 |   638.15 |     5.79 |     0.00 |     0.00 |    29.39 |   293.21 |    -0.19 |
OPTI 15:32:00 :      550 |   308708.16 |   532.95 |     5.17 |     0.00 |     0.00 |    30.51 |   523.86 |    -0.88 |
OPTI 15:40:29 :      600 |   309504.62 |   526.19 |     4.98 |     0.00 |     0.00 |    28.17 |   117.59 |    -1.00 |
OPTI 15:47:58 :      650 |   310771.44 |   527.22 |     5.23 |     0.00 |     0.00 |    26.65 |   128.07 |    -1.06 |
OPTI 15:55:35 :      700 |   311647.62 |   524.07 |     5.64 |     0.00 |     0.00 |    25.64 |   151.43 |    -1.11 |
OPTI 16:03:05 :      750 |   312314.19 |   524.81 |     6.15 |     0.00 |     0.00 |    24.85 |   192.17 |    -1.17 |
OPTI 16:10:34 :      800 |   312677.81 |   527.11 |     6.84 |     0.00 |     0.00 |    24.37 |   189.29 |    -1.23 |
OPTI 16:17:55 :      850 |   312123.44 |   522.26 |     6.89 |     0.00 |     0.00 |    24.11 |   193.64 |    -1.28 |
OPTI 16:25:17 :      900 |   311378.56 |   507.82 |     6.83 |     0.00 |     0.00 |    25.84 |   204.66 |    -1.33 |
OPTI 16:32:17 :      950 |   310569.16 |   494.02 |     6.85 |     0.00 |     0.00 |    28.16 |   234.03 |    -1.36 |
