/projects/etpi5866/igm/igm/modules/preproc/load_ncdf.py:90: RuntimeWarning: invalid value encountered in greater
  vars()[var] = np.where(vars()[var] > 10**35, np.nan, vars()[var])
-----------------------------------------------------------------
Num GPUs Available:  0
-----------------------------------------------------------------
Found pretrained emulator in the igm package: pinnbp_10_4_cnn_16_32_2_1
                   Step  |  ICE_VOL |  COST_U  |  COST_H  |  COST_D  |  COST_S  |   REGU_H |   REGU_S | COST_GLEN  
OPTI 13:33:56 :        0 |   3864.68 |   1811.48 |     0.00 |     0.00 |     0.00 |    17.50 |     0.00 |    12.75 |
OPTI 13:42:43 :       50 |   3869.18 |   1730.10 |     0.21 |     0.00 |     0.00 |    13.19 |   150.00 |    -0.24 |
OPTI 13:49:12 :      100 |   3881.49 |   1726.58 |     0.51 |     0.00 |     0.00 |    12.17 |     4.36 |    -0.47 |
OPTI 13:55:40 :      150 |   3893.63 |   1724.48 |     0.84 |     0.00 |     0.00 |    12.31 |     3.96 |    -0.58 |
OPTI 14:02:05 :      200 |   3905.29 |   1723.64 |     1.16 |     0.00 |     0.00 |    12.79 |    21.57 |    -0.68 |
OPTI 14:09:09 :      250 |   3913.81 |   1722.94 |     1.44 |     0.00 |     0.00 |    13.18 |    18.27 |    -0.72 |
OPTI 14:17:16 :      300 |   3917.57 |   1722.73 |     1.61 |     0.00 |     0.00 |    13.25 |    35.63 |    -0.75 |
OPTI 14:25:52 :      350 |   3920.73 |   1722.82 |     1.73 |     0.00 |     0.00 |    13.34 |    46.23 |    -0.76 |
OPTI 14:35:40 :      400 |   3922.58 |   1722.96 |     1.80 |     0.00 |     0.00 |    13.34 |    67.54 |    -0.76 |
OPTI 14:43:45 :      450 |   3922.47 |   1723.13 |     1.83 |     0.00 |     0.00 |    13.30 |    74.56 |    -0.77 |
OPTI 14:51:38 :      500 |   3921.91 |   1723.29 |     1.84 |     0.00 |     0.00 |    13.28 |    87.36 |    -0.77 |
OPTI 14:58:14 :      550 |   3921.68 |   1723.40 |     1.85 |     0.00 |     0.00 |    13.38 |   112.17 |    -0.77 |
OPTI 15:04:43 :      600 |   3921.78 |   1723.42 |     1.86 |     0.00 |     0.00 |    13.42 |   124.98 |    -0.78 |
OPTI 15:11:08 :      650 |   3921.53 |   1723.44 |     1.87 |     0.00 |     0.00 |    13.44 |   118.46 |    -0.78 |
OPTI 15:17:30 :      700 |   3921.96 |   1723.35 |     1.88 |     0.00 |     0.00 |    13.49 |   153.76 |    -0.78 |
OPTI 15:23:49 :      750 |   3922.57 |   1723.25 |     1.90 |     0.00 |     0.00 |    13.54 |   136.82 |    -0.79 |
OPTI 15:29:58 :      800 |   3923.37 |   1723.18 |     1.93 |     0.00 |     0.00 |    13.61 |   143.21 |    -0.79 |
OPTI 15:35:52 :      850 |   3923.90 |   1723.08 |     1.96 |     0.00 |     0.00 |    13.66 |   160.08 |    -0.80 |
OPTI 15:41:33 :      900 |   3924.58 |   1722.92 |     1.99 |     0.00 |     0.00 |    13.67 |   147.33 |    -0.81 |
OPTI 15:47:14 :      950 |   3925.23 |   1722.75 |     2.03 |     0.00 |     0.00 |    13.69 |   166.13 |    -0.82 |
