/projects/etpi5866/igm/igm/modules/preproc/load_ncdf.py:90: RuntimeWarning: invalid value encountered in greater
  vars()[var] = np.where(vars()[var] > 10**35, np.nan, vars()[var])
-----------------------------------------------------------------
Num GPUs Available:  0
-----------------------------------------------------------------
Found pretrained emulator in the igm package: pinnbp_10_4_cnn_16_32_2_1
                   Step  |  ICE_VOL |  COST_U  |  COST_H  |  COST_D  |  COST_S  |   REGU_H |   REGU_S | COST_GLEN  
OPTI 13:34:01 :        0 |   33844.66 |   560.61 |     0.00 |     0.00 |     0.00 |    47.73 |     0.00 |     1.15 |
OPTI 13:47:53 :       50 |   33838.84 |   541.86 |     0.51 |     0.00 |     0.00 |    40.05 |   224.04 |    -0.27 |
OPTI 14:00:01 :      100 |   33859.89 |   537.76 |     1.19 |     0.00 |     0.00 |    37.90 |     3.87 |    -0.38 |
OPTI 14:11:20 :      150 |   33892.96 |   533.71 |     1.73 |     0.00 |     0.00 |    37.24 |     5.05 |    -0.44 |
OPTI 14:20:35 :      200 |   33920.74 |   531.98 |     2.17 |     0.00 |     0.00 |    37.33 |    11.76 |    -0.49 |
OPTI 14:30:06 :      250 |   33936.28 |   531.31 |     2.56 |     0.00 |     0.00 |    36.66 |    20.96 |    -0.53 |
OPTI 14:38:50 :      300 |   33949.50 |   530.23 |     2.89 |     0.00 |     0.00 |    35.96 |    40.07 |    -0.55 |
OPTI 14:46:30 :      350 |   33963.55 |   529.28 |     3.17 |     0.00 |     0.00 |    35.27 |    64.85 |    -0.58 |
OPTI 14:54:14 :      400 |   33973.84 |   528.51 |     3.43 |     0.00 |     0.00 |    33.34 |    88.28 |    -0.60 |
OPTI 15:02:05 :      450 |   33984.31 |   527.66 |     3.65 |     0.00 |     0.00 |    32.90 |   108.49 |    -0.62 |
OPTI 15:11:57 :      500 |   33990.00 |   527.30 |     3.83 |     0.00 |     0.00 |    32.97 |   121.10 |    -0.63 |
OPTI 15:22:04 :      550 |   33991.59 |   527.83 |     3.95 |     0.00 |     0.00 |    37.95 |   139.93 |    -0.64 |
OPTI 15:31:18 :      600 |   33986.47 |   528.52 |     4.00 |     0.00 |     0.00 |    37.54 |   214.88 |    -0.64 |
OPTI 15:39:21 :      650 |   33982.49 |   529.07 |     4.02 |     0.00 |     0.00 |    35.04 |   142.98 |    -0.64 |
OPTI 15:46:11 :      700 |   33978.52 |   529.27 |     4.03 |     0.00 |     0.00 |    34.00 |   191.17 |    -0.63 |
OPTI 15:53:03 :      750 |   33975.34 |   529.38 |     4.03 |     0.00 |     0.00 |    31.76 |   192.43 |    -0.63 |
OPTI 15:59:51 :      800 |   33971.63 |   529.50 |     4.03 |     0.00 |     0.00 |    30.36 |   261.04 |    -0.64 |
OPTI 16:06:41 :      850 |   33966.63 |   529.81 |     4.03 |     0.00 |     0.00 |    29.45 |   172.59 |    -0.63 |
OPTI 16:13:17 :      900 |   33961.91 |   529.92 |     4.01 |     0.00 |     0.00 |    29.73 |   184.36 |    -0.63 |
OPTI 16:19:55 :      950 |   33957.09 |   530.32 |     4.00 |     0.00 |     0.00 |    28.69 |   354.55 |    -0.63 |
