/projects/etpi5866/igm/igm/modules/preproc/load_ncdf.py:90: RuntimeWarning: invalid value encountered in greater
  vars()[var] = np.where(vars()[var] > 10**35, np.nan, vars()[var])
-----------------------------------------------------------------
Num GPUs Available:  0
-----------------------------------------------------------------
Found pretrained emulator in the igm package: pinnbp_10_4_cnn_16_32_2_1
                   Step  |  ICE_VOL |  COST_U  |  COST_H  |  COST_D  |  COST_S  |   REGU_H |   REGU_S | COST_GLEN  
OPTI 13:33:58 :        0 |   71291.84 |   492.51 |     0.00 |     0.00 |     0.00 |   178.41 |     0.00 |     0.89 |
OPTI 13:44:28 :       50 |   71519.95 |   79006.09 |     0.64 |     0.00 |     0.00 |   181.15 |   317.57 |    77.41 |
OPTI 13:52:42 :      100 |   70947.91 |   479.77 |     1.26 |     0.00 |     0.00 |   123.65 |     6.19 |     0.46 |
OPTI 14:00:59 :      150 |   70968.48 |   477.13 |     1.74 |     0.00 |     0.00 |    97.78 |     3.20 |     0.14 |
OPTI 14:10:07 :      200 |   70986.20 |   477.33 |     2.23 |     0.00 |     0.00 |    87.28 |     5.31 |     0.07 |
OPTI 14:20:39 :      250 |   70999.87 |   477.32 |     2.74 |     0.00 |     0.00 |    81.37 |     4.52 |     0.03 |
OPTI 14:32:57 :      300 |   71010.75 |   477.24 |     3.26 |     0.00 |     0.00 |    79.01 |    10.01 |     0.01 |
OPTI 14:44:10 :      350 |   71019.48 |   477.16 |     3.79 |     0.00 |     0.00 |    78.76 |    11.71 |    -0.00 |
OPTI 14:54:09 :      400 |   71027.34 |   477.03 |     4.36 |     0.00 |     0.00 |    79.91 |    26.76 |    -0.02 |
OPTI 15:02:36 :      450 |   71034.31 |   476.88 |     4.95 |     0.00 |     0.00 |    81.78 |    43.95 |    -0.03 |
OPTI 15:10:55 :      500 |   71041.01 |   476.74 |     5.56 |     0.00 |     0.00 |    84.26 |    55.44 |    -0.04 |
OPTI 15:19:04 :      550 |   71048.14 |   476.62 |     6.21 |     0.00 |     0.00 |    88.60 |    55.16 |    -0.06 |
OPTI 15:27:17 :      600 |   71056.92 |   476.57 |     6.90 |     0.00 |     0.00 |    94.44 |    87.22 |    -0.08 |
OPTI 15:35:06 :      650 |   71066.60 |   476.89 |     7.63 |     0.00 |     0.00 |   100.52 |   112.61 |    -0.12 |
OPTI 15:42:29 :      700 |   71073.02 |   478.29 |     8.39 |     0.00 |     0.00 |   107.85 |   121.96 |    -0.19 |
OPTI 15:50:02 :      750 |   71070.79 |   480.66 |     9.09 |     0.00 |     0.00 |   110.57 |   133.33 |    -0.28 |
OPTI 15:59:08 :      800 |   71052.97 |   485.72 |     9.65 |     0.00 |     0.00 |   113.94 |   171.45 |    -0.40 |
OPTI 16:08:22 :      850 |   71017.48 |   490.27 |    10.09 |     0.00 |     0.00 |   123.46 |   207.63 |    -0.40 |
OPTI 16:16:03 :      900 |   70977.52 |   486.06 |    10.29 |     0.00 |     0.00 |   128.11 |   164.07 |    -0.31 |
OPTI 16:22:52 :      950 |   70934.81 |   482.16 |    10.44 |     0.00 |     0.00 |   127.09 |   228.33 |    -0.25 |
