/projects/etpi5866/igm/igm/modules/preproc/load_ncdf.py:90: RuntimeWarning: invalid value encountered in greater
  vars()[var] = np.where(vars()[var] > 10**35, np.nan, vars()[var])
-----------------------------------------------------------------
Num GPUs Available:  0
-----------------------------------------------------------------
Found pretrained emulator in the igm package: pinnbp_10_4_cnn_16_32_2_1
                   Step  |  ICE_VOL |  COST_U  |  COST_H  |  COST_D  |  COST_S  |   REGU_H |   REGU_S | COST_GLEN  
OPTI 13:33:56 :        0 |   1017.90 |   411.88 |     0.00 |     0.00 |     0.00 |   287.14 |     0.00 |    19.73 |
OPTI 13:42:14 :       50 |   1020.52 |   295.86 |     0.82 |     0.00 |     0.00 |   200.88 |   567.91 |    -0.50 |
OPTI 13:50:01 :      100 |   1021.82 |   322.24 |     2.41 |     0.00 |     0.00 |   180.49 |    12.61 |    -1.91 |
OPTI 13:57:35 :      150 |   1014.91 |   363.56 |     4.04 |     0.00 |     0.00 |   172.53 |    15.07 |    -2.63 |
OPTI 14:05:06 :      200 |   1005.31 |   343.86 |     5.72 |     0.00 |     0.00 |   164.89 |    46.20 |    -2.38 |
OPTI 14:11:29 :      250 |   996.11 |   328.94 |     7.42 |     0.00 |     0.00 |   156.95 |    72.64 |    -2.16 |
OPTI 14:17:21 :      300 |   987.96 |   319.71 |     9.01 |     0.00 |     0.00 |   153.04 |    99.74 |    -1.99 |
OPTI 14:22:56 :      350 |   980.27 |   313.81 |    10.38 |     0.00 |     0.00 |   149.36 |   155.99 |    -1.86 |
OPTI 14:28:55 :      400 |   973.93 |   309.53 |    11.64 |     0.00 |     0.00 |   146.08 |   252.41 |    -1.76 |
OPTI 14:34:42 :      450 |   968.24 |   306.30 |    12.79 |     0.00 |     0.00 |   143.90 |   267.66 |    -1.67 |
OPTI 14:39:45 :      500 |   962.91 |   304.55 |    13.82 |     0.00 |     0.00 |   142.37 |   347.65 |    -1.60 |
OPTI 14:44:34 :      550 |   957.85 |   303.18 |    14.74 |     0.00 |     0.00 |   141.76 |   382.80 |    -1.54 |
OPTI 14:49:22 :      600 |   953.24 |   302.30 |    15.59 |     0.00 |     0.00 |   141.84 |   383.56 |    -1.50 |
OPTI 14:54:09 :      650 |   949.35 |   301.64 |    16.39 |     0.00 |     0.00 |   141.68 |   450.34 |    -1.46 |
OPTI 14:59:00 :      700 |   945.80 |   301.05 |    17.20 |     0.00 |     0.00 |   140.85 |   387.52 |    -1.43 |
OPTI 15:04:13 :      750 |   942.59 |   300.37 |    17.99 |     0.00 |     0.00 |   140.62 |   388.99 |    -1.41 |
OPTI 15:10:13 :      800 |   939.72 |   299.82 |    18.76 |     0.00 |     0.00 |   140.77 |   504.86 |    -1.39 |
OPTI 15:16:11 :      850 |   937.03 |   299.34 |    19.48 |     0.00 |     0.00 |   141.24 |   433.84 |    -1.37 |
OPTI 15:22:06 :      900 |   934.65 |   298.86 |    20.13 |     0.00 |     0.00 |   141.42 |   454.82 |    -1.36 |
OPTI 15:27:48 :      950 |   932.51 |   298.53 |    20.73 |     0.00 |     0.00 |   141.79 |   540.22 |    -1.35 |
