/projects/etpi5866/igm/igm/modules/preproc/load_ncdf.py:90: RuntimeWarning: invalid value encountered in greater
  vars()[var] = np.where(vars()[var] > 10**35, np.nan, vars()[var])
-----------------------------------------------------------------
Num GPUs Available:  0
-----------------------------------------------------------------
Found pretrained emulator in the igm package: pinnbp_10_4_cnn_16_32_2_1
                   Step  |  ICE_VOL |  COST_U  |  COST_H  |  COST_D  |  COST_S  |   REGU_H |   REGU_S | COST_GLEN  
OPTI 13:33:58 :        0 |   933.35 |   278.53 |     0.00 |     0.00 |     0.00 |    45.34 |     0.00 |    25.41 |
OPTI 13:44:07 :       50 |   933.41 |   124.24 |     0.67 |     0.00 |     0.00 |    31.31 |    83.09 |    -0.08 |
OPTI 13:51:44 :      100 |   933.75 |   122.30 |     1.43 |     0.00 |     0.00 |    30.79 |     2.89 |    -0.32 |
OPTI 13:59:23 :      150 |   932.21 |   114.59 |     2.04 |     0.00 |     0.00 |    32.37 |     5.31 |    -0.49 |
OPTI 14:07:24 :      200 |   931.23 |   108.50 |     2.59 |     0.00 |     0.00 |    33.62 |     9.35 |    -0.65 |
OPTI 14:17:24 :      250 |   929.69 |   103.99 |     3.02 |     0.00 |     0.00 |    34.01 |    12.11 |    -0.73 |
OPTI 14:28:25 :      300 |   928.72 |   101.05 |     3.41 |     0.00 |     0.00 |    34.38 |    18.67 |    -0.79 |
OPTI 14:39:57 :      350 |   928.15 |    98.94 |     3.73 |     0.00 |     0.00 |    34.72 |    24.50 |    -0.84 |
OPTI 14:49:19 :      400 |   928.01 |    97.57 |     3.96 |     0.00 |     0.00 |    34.73 |    32.76 |    -0.87 |
OPTI 14:57:45 :      450 |   927.61 |    97.03 |     4.14 |     0.00 |     0.00 |    34.79 |    39.14 |    -0.89 |
OPTI 15:05:31 :      500 |   927.14 |    96.90 |     4.29 |     0.00 |     0.00 |    34.49 |    50.79 |    -0.90 |
OPTI 15:13:15 :      550 |   926.83 |    96.48 |     4.38 |     0.00 |     0.00 |    34.32 |    55.71 |    -0.91 |
OPTI 15:20:49 :      600 |   926.62 |    95.77 |     4.48 |     0.00 |     0.00 |    34.36 |    52.43 |    -0.92 |
OPTI 15:28:18 :      650 |   926.20 |    94.90 |     4.59 |     0.00 |     0.00 |    34.49 |    57.55 |    -0.93 |
OPTI 15:35:31 :      700 |   926.07 |    93.92 |     4.63 |     0.00 |     0.00 |    34.60 |    66.94 |    -0.95 |
OPTI 15:42:18 :      750 |   925.96 |    92.94 |     4.68 |     0.00 |     0.00 |    35.19 |    71.81 |    -0.97 |
OPTI 15:49:10 :      800 |   926.13 |    91.83 |     4.74 |     0.00 |     0.00 |    36.16 |    89.23 |    -0.99 |
OPTI 15:57:17 :      850 |   926.19 |    91.04 |     4.81 |     0.00 |     0.00 |    37.31 |    90.85 |    -1.01 |
OPTI 16:05:34 :      900 |   926.25 |    90.01 |     4.90 |     0.00 |     0.00 |    37.98 |   106.90 |    -1.03 |
OPTI 16:13:14 :      950 |   926.42 |    89.35 |     4.96 |     0.00 |     0.00 |    37.95 |    74.89 |    -1.06 |
