/projects/etpi5866/igm/igm/modules/preproc/load_ncdf.py:90: RuntimeWarning: invalid value encountered in greater
  vars()[var] = np.where(vars()[var] > 10**35, np.nan, vars()[var])
-----------------------------------------------------------------
Num GPUs Available:  0
-----------------------------------------------------------------
Found pretrained emulator in the igm package: pinnbp_10_4_cnn_16_32_2_1
                   Step  |  ICE_VOL |  COST_U  |  COST_H  |  COST_D  |  COST_S  |   REGU_H |   REGU_S | COST_GLEN  
OPTI 13:33:52 :        0 |   43164.97 |    16.90 |     0.00 |     0.00 |     0.00 |    86.57 |     0.00 |     0.97 |
OPTI 13:41:14 :       50 |   43197.01 |    16.03 |     0.34 |     0.00 |     0.00 |    84.33 |   141.81 |    -0.32 |
OPTI 13:48:18 :      100 |   43218.75 |    25.43 |     0.92 |     0.00 |     0.00 |    60.77 |     3.52 |    -1.00 |
OPTI 13:55:39 :      150 |   43197.93 |    27.88 |     1.51 |     0.00 |     0.00 |    51.82 |     9.33 |    -1.12 |
OPTI 14:02:57 :      200 |   43168.16 |    28.51 |     2.07 |     0.00 |     0.00 |    51.54 |    15.99 |    -1.13 |
OPTI 14:10:18 :      250 |   43124.77 |    28.05 |     2.62 |     0.00 |     0.00 |    53.22 |    27.68 |    -1.13 |
OPTI 14:17:34 :      300 |   43074.82 |    27.39 |     3.12 |     0.00 |     0.00 |    52.26 |    47.32 |    -1.12 |
OPTI 14:24:46 :      350 |   43016.60 |    26.35 |     3.59 |     0.00 |     0.00 |    49.46 |   463.55 |    -1.08 |
OPTI 14:31:57 :      400 |   42962.52 |    25.37 |     4.03 |     0.00 |     0.00 |    47.62 |   208.52 |    -1.03 |
OPTI 14:38:17 :      450 |   42913.95 |    24.44 |     4.46 |     0.00 |     0.00 |    46.32 |   165.67 |    -1.00 |
OPTI 14:44:18 :      500 |   42869.73 |    23.80 |     4.86 |     0.00 |     0.00 |    44.94 |   154.11 |    -0.96 |
OPTI 14:50:19 :      550 |   42829.23 |    23.22 |     5.25 |     0.00 |     0.00 |    43.56 |   179.78 |    -0.94 |
OPTI 14:56:21 :      600 |   42792.14 |    22.73 |     5.63 |     0.00 |     0.00 |    42.00 |   112.54 |    -0.92 |
OPTI 15:02:16 :      650 |   42757.85 |    22.40 |     5.99 |     0.00 |     0.00 |    41.05 |   131.49 |    -0.90 |
OPTI 15:08:08 :      700 |   42725.88 |    22.12 |     6.35 |     0.00 |     0.00 |    40.24 |   140.12 |    -0.88 |
OPTI 15:13:58 :      750 |   42699.20 |    21.82 |     6.69 |     0.00 |     0.00 |    39.51 |   120.97 |    -0.86 |
OPTI 15:19:49 :      800 |   42673.27 |    21.54 |     7.03 |     0.00 |     0.00 |    38.67 |   164.12 |    -0.85 |
OPTI 15:25:37 :      850 |   42647.82 |    21.51 |     7.36 |     0.00 |     0.00 |    37.95 |   142.49 |    -0.84 |
OPTI 15:31:28 :      900 |   42623.29 |    21.29 |     7.68 |     0.00 |     0.00 |    37.43 |   161.93 |    -0.83 |
OPTI 15:37:15 :      950 |   42599.91 |    21.10 |     7.99 |     0.00 |     0.00 |    36.98 |   194.89 |    -0.82 |
