/projects/etpi5866/igm/igm/modules/preproc/load_ncdf.py:90: RuntimeWarning: invalid value encountered in greater
  vars()[var] = np.where(vars()[var] > 10**35, np.nan, vars()[var])
-----------------------------------------------------------------
Num GPUs Available:  0
-----------------------------------------------------------------
Found pretrained emulator in the igm package: pinnbp_10_4_cnn_16_32_2_1
                   Step  |  ICE_VOL |  COST_U  |  COST_H  |  COST_D  |  COST_S  |   REGU_H |   REGU_S | COST_GLEN  
OPTI 13:33:56 :        0 |   337434.91 |    39.15 |     0.00 |     0.00 |     0.00 |    59.75 |     0.00 |     0.27 |
OPTI 13:45:32 :       50 |   337484.53 |    28.73 |     0.73 |     0.00 |     0.00 |    38.67 |   1321.82 |    -0.70 |
OPTI 13:57:04 :      100 |   337603.50 |    29.34 |     1.67 |     0.00 |     0.00 |    25.19 |    11.53 |    -0.79 |
OPTI 14:08:39 :      150 |   337629.44 |    28.39 |     2.42 |     0.00 |     0.00 |    17.92 |    13.28 |    -0.86 |
OPTI 14:20:16 :      200 |   337600.62 |    29.04 |     3.01 |     0.00 |     0.00 |    14.28 |    48.52 |    -0.92 |
OPTI 14:31:44 :      250 |   337566.09 |    29.10 |     3.48 |     0.00 |     0.00 |    12.58 |   119.93 |    -0.98 |
OPTI 14:41:28 :      300 |   337550.91 |    29.39 |     3.84 |     0.00 |     0.00 |    10.77 |   224.34 |    -1.03 |
OPTI 14:50:57 :      350 |   337531.59 |    29.66 |     4.11 |     0.00 |     0.00 |     9.78 |   380.81 |    -1.06 |
OPTI 15:00:22 :      400 |   337509.34 |    30.13 |     4.30 |     0.00 |     0.00 |     9.16 |   515.71 |    -1.08 |
OPTI 15:09:36 :      450 |   337474.91 |    30.40 |     4.42 |     0.00 |     0.00 |     8.79 |   719.94 |    -1.09 |
OPTI 15:18:51 :      500 |   337450.50 |    30.57 |     4.52 |     0.00 |     0.00 |     8.59 |   895.94 |    -1.09 |
OPTI 15:28:00 :      550 |   337420.44 |    30.62 |     4.60 |     0.00 |     0.00 |     8.40 |   842.37 |    -1.09 |
OPTI 15:37:10 :      600 |   337400.69 |    30.60 |     4.67 |     0.00 |     0.00 |     8.10 |   1054.40 |    -1.09 |
OPTI 15:46:06 :      650 |   337371.94 |    30.68 |     4.73 |     0.00 |     0.00 |     7.95 |   1050.68 |    -1.08 |
OPTI 15:54:36 :      700 |   337355.19 |    30.33 |     4.78 |     0.00 |     0.00 |     7.78 |   1513.79 |    -1.08 |
OPTI 16:04:13 :      750 |   337350.56 |    30.47 |     4.82 |     0.00 |     0.00 |     7.60 |   2630.14 |    -1.08 |
OPTI 16:13:59 :      800 |   337322.38 |    30.45 |     4.86 |     0.00 |     0.00 |     7.46 |   1057.68 |    -1.08 |
OPTI 16:22:21 :      850 |   337309.22 |    30.29 |     4.89 |     0.00 |     0.00 |     7.37 |   1046.69 |    -1.08 |
OPTI 16:30:30 :      900 |   337302.47 |    30.57 |     4.92 |     0.00 |     0.00 |     7.26 |   1257.13 |    -1.08 |
OPTI 16:38:28 :      950 |   337293.62 |    30.36 |     4.94 |     0.00 |     0.00 |     7.17 |   1302.87 |    -1.08 |
