/projects/etpi5866/igm/igm/modules/preproc/load_ncdf.py:90: RuntimeWarning: invalid value encountered in greater
  vars()[var] = np.where(vars()[var] > 10**35, np.nan, vars()[var])
-----------------------------------------------------------------
Num GPUs Available:  0
-----------------------------------------------------------------
Found pretrained emulator in the igm package: pinnbp_10_4_cnn_16_32_2_1
                   Step  |  ICE_VOL |  COST_U  |  COST_H  |  COST_D  |  COST_S  |   REGU_H |   REGU_S | COST_GLEN  
OPTI 13:33:52 :        0 |   244.65 |    80.82 |     0.00 |     0.00 |     0.00 |    59.59 |     0.00 |    -0.06 |
OPTI 13:41:12 :       50 |   247.37 |    84.29 |     0.42 |     0.00 |     0.00 |    54.50 |   197.98 |    -0.48 |
OPTI 13:48:34 :      100 |   245.82 |    80.67 |     1.13 |     0.00 |     0.00 |    57.21 |     7.52 |    -0.38 |
OPTI 13:55:51 :      150 |   243.80 |    79.22 |     1.79 |     0.00 |     0.00 |    58.07 |    21.33 |    -0.34 |
OPTI 14:03:11 :      200 |   241.49 |    78.60 |     2.21 |     0.00 |     0.00 |    58.04 |    32.58 |    -0.32 |
OPTI 14:10:30 :      250 |   239.32 |    78.26 |     2.49 |     0.00 |     0.00 |    57.76 |    38.47 |    -0.29 |
OPTI 14:17:48 :      300 |   237.62 |    78.07 |     2.71 |     0.00 |     0.00 |    57.19 |    52.21 |    -0.27 |
OPTI 14:25:12 :      350 |   236.34 |    78.02 |     2.88 |     0.00 |     0.00 |    56.71 |    76.48 |    -0.25 |
OPTI 14:32:27 :      400 |   235.30 |    77.98 |     3.04 |     0.00 |     0.00 |    56.22 |    86.37 |    -0.24 |
OPTI 14:38:44 :      450 |   234.58 |    77.97 |     3.17 |     0.00 |     0.00 |    55.75 |   119.18 |    -0.24 |
OPTI 14:44:42 :      500 |   234.02 |    77.96 |     3.27 |     0.00 |     0.00 |    55.35 |   118.77 |    -0.23 |
OPTI 14:50:45 :      550 |   233.62 |    77.96 |     3.35 |     0.00 |     0.00 |    54.86 |   159.02 |    -0.23 |
OPTI 14:56:45 :      600 |   233.35 |    77.96 |     3.43 |     0.00 |     0.00 |    54.71 |   153.35 |    -0.23 |
OPTI 15:02:40 :      650 |   233.11 |    77.97 |     3.49 |     0.00 |     0.00 |    54.43 |   169.93 |    -0.23 |
OPTI 15:08:32 :      700 |   232.89 |    77.99 |     3.54 |     0.00 |     0.00 |    54.32 |   160.58 |    -0.23 |
OPTI 15:14:26 :      750 |   232.65 |    78.00 |     3.59 |     0.00 |     0.00 |    54.19 |   197.12 |    -0.22 |
OPTI 15:20:18 :      800 |   232.42 |    78.02 |     3.63 |     0.00 |     0.00 |    54.12 |   159.48 |    -0.22 |
OPTI 15:26:08 :      850 |   232.24 |    78.03 |     3.67 |     0.00 |     0.00 |    54.10 |   122.31 |    -0.22 |
OPTI 15:31:57 :      900 |   232.09 |    78.05 |     3.70 |     0.00 |     0.00 |    54.00 |   178.24 |    -0.22 |
OPTI 15:37:46 :      950 |   231.97 |    78.05 |     3.73 |     0.00 |     0.00 |    53.86 |   204.50 |    -0.22 |
