/projects/etpi5866/igm/igm/modules/preproc/load_ncdf.py:90: RuntimeWarning: invalid value encountered in greater
  vars()[var] = np.where(vars()[var] > 10**35, np.nan, vars()[var])
-----------------------------------------------------------------
Num GPUs Available:  0
-----------------------------------------------------------------
Found pretrained emulator in the igm package: pinnbp_10_4_cnn_16_32_2_1
                   Step  |  ICE_VOL |  COST_U  |  COST_H  |  COST_D  |  COST_S  |   REGU_H |   REGU_S | COST_GLEN  
OPTI 13:33:54 :        0 |   171181.48 |   141.00 |     0.00 |     0.00 |     0.00 |   220.54 |     0.00 |     0.26 |
OPTI 13:39:23 :       50 |   171239.36 |   130.29 |     0.71 |     0.00 |     0.00 |   194.84 |   203.23 |    -0.42 |
OPTI 13:44:26 :      100 |   171288.80 |   135.80 |     2.04 |     0.00 |     0.00 |   142.14 |     5.78 |    -0.82 |
OPTI 13:48:30 :      150 |   171192.38 |   144.78 |     3.50 |     0.00 |     0.00 |   114.14 |    16.10 |    -1.00 |
OPTI 13:52:38 :      200 |   171056.42 |   144.89 |     4.92 |     0.00 |     0.00 |    96.41 |    42.27 |    -1.03 |
OPTI 13:56:45 :      250 |   170935.70 |   142.89 |     6.27 |     0.00 |     0.00 |    86.37 |    75.73 |    -1.02 |
OPTI 14:00:55 :      300 |   170836.67 |   141.85 |     7.55 |     0.00 |     0.00 |    81.79 |   155.89 |    -1.00 |
OPTI 14:05:02 :      350 |   170734.45 |   140.65 |     8.73 |     0.00 |     0.00 |    81.48 |   308.11 |    -0.99 |
OPTI 14:09:54 :      400 |   170663.27 |   142.95 |     9.90 |     0.00 |     0.00 |    93.88 |   623.16 |    -1.07 |
OPTI 14:15:04 :      450 |   170590.53 |   140.86 |    10.86 |     0.00 |     0.00 |    94.70 |   187.50 |    -1.07 |
OPTI 14:20:20 :      500 |   170484.56 |   139.22 |    11.65 |     0.00 |     0.00 |    94.55 |   183.27 |    -1.02 |
OPTI 14:26:06 :      550 |   170385.67 |   137.52 |    12.36 |     0.00 |     0.00 |    90.70 |   299.66 |    -0.98 |
OPTI 14:32:17 :      600 |   170295.08 |   136.32 |    12.99 |     0.00 |     0.00 |    88.22 |   845.52 |    -0.97 |
OPTI 14:38:31 :      650 |   170216.45 |   136.09 |    13.54 |     0.00 |     0.00 |    86.69 |   225.37 |    -0.95 |
OPTI 14:43:32 :      700 |   170136.59 |   135.16 |    14.05 |     0.00 |     0.00 |    85.11 |   264.94 |    -0.94 |
OPTI 14:48:25 :      750 |   170058.28 |   134.70 |    14.51 |     0.00 |     0.00 |    83.71 |   347.15 |    -0.93 |
OPTI 14:53:26 :      800 |   169991.05 |   134.71 |    14.93 |     0.00 |     0.00 |    82.75 |   185.97 |    -0.92 |
OPTI 14:57:41 :      850 |   169925.61 |   134.68 |    15.31 |     0.00 |     0.00 |    81.88 |   210.00 |    -0.91 |
OPTI 15:01:54 :      900 |   169863.11 |   134.20 |    15.67 |     0.00 |     0.00 |    81.04 |   238.39 |    -0.90 |
OPTI 15:06:01 :      950 |   169803.28 |   133.91 |    16.01 |     0.00 |     0.00 |    80.42 |   140.41 |    -0.90 |
