/projects/etpi5866/igm/igm/modules/preproc/load_ncdf.py:90: RuntimeWarning: invalid value encountered in greater
  vars()[var] = np.where(vars()[var] > 10**35, np.nan, vars()[var])
-----------------------------------------------------------------
Num GPUs Available:  0
-----------------------------------------------------------------
Found pretrained emulator in the igm package: pinnbp_10_4_cnn_16_32_2_1
                   Step  |  ICE_VOL |  COST_U  |  COST_H  |  COST_D  |  COST_S  |   REGU_H |   REGU_S | COST_GLEN  
OPTI 13:34:01 :        0 |   19467.68 |   299.27 |     0.00 |     0.00 |     0.00 |   143.24 |     0.00 |     1.85 |
OPTI 13:48:26 :       50 |   19469.91 |   286.28 |     0.50 |     0.00 |     0.00 |   136.52 |   272.20 |    -0.91 |
OPTI 14:01:43 :      100 |   19444.44 |   296.66 |     1.55 |     0.00 |     0.00 |   132.72 |     9.36 |    -1.13 |
OPTI 14:13:23 :      150 |   19407.31 |   295.14 |     2.86 |     0.00 |     0.00 |   136.21 |     9.92 |    -1.17 |
OPTI 14:23:04 :      200 |   19358.04 |   295.37 |     4.10 |     0.00 |     0.00 |   135.28 |    17.54 |    -1.21 |
OPTI 14:32:42 :      250 |   19300.29 |   295.61 |     5.18 |     0.00 |     0.00 |   131.90 |    23.57 |    -1.18 |
OPTI 14:41:07 :      300 |   19250.83 |   293.06 |     6.11 |     0.00 |     0.00 |   127.81 |    40.07 |    -1.10 |
OPTI 14:49:15 :      350 |   19207.05 |   292.09 |     6.96 |     0.00 |     0.00 |   123.95 |    51.54 |    -1.05 |
OPTI 14:57:31 :      400 |   19170.43 |   291.41 |     7.73 |     0.00 |     0.00 |   120.98 |    81.63 |    -1.01 |
OPTI 15:06:42 :      450 |   19142.10 |   291.13 |     8.42 |     0.00 |     0.00 |   118.59 |   104.18 |    -0.99 |
OPTI 15:17:03 :      500 |   19118.37 |   290.76 |     9.06 |     0.00 |     0.00 |   116.51 |   108.79 |    -0.97 |
OPTI 15:27:36 :      550 |   19097.95 |   290.59 |     9.61 |     0.00 |     0.00 |   114.97 |   133.56 |    -0.96 |
OPTI 15:36:45 :      600 |   19078.68 |   290.44 |    10.08 |     0.00 |     0.00 |   113.99 |   136.20 |    -0.95 |
OPTI 15:44:30 :      650 |   19061.51 |   290.01 |    10.50 |     0.00 |     0.00 |   113.29 |   156.27 |    -0.94 |
OPTI 15:51:59 :      700 |   19048.00 |   290.39 |    10.87 |     0.00 |     0.00 |   112.17 |   166.16 |    -0.94 |
OPTI 15:59:22 :      750 |   19036.05 |   290.36 |    11.18 |     0.00 |     0.00 |   111.41 |   175.55 |    -0.93 |
OPTI 16:06:50 :      800 |   19025.79 |   290.45 |    11.46 |     0.00 |     0.00 |   110.91 |   213.87 |    -0.93 |
OPTI 16:14:10 :      850 |   19016.95 |   290.46 |    11.70 |     0.00 |     0.00 |   110.43 |   200.13 |    -0.93 |
OPTI 16:21:18 :      900 |   19008.78 |   290.56 |    11.90 |     0.00 |     0.00 |   110.06 |   180.27 |    -0.93 |
OPTI 16:28:26 :      950 |   19001.75 |   290.63 |    12.09 |     0.00 |     0.00 |   109.50 |   175.08 |    -0.93 |
