/projects/etpi5866/igm/igm/modules/preproc/load_ncdf.py:90: RuntimeWarning: invalid value encountered in greater
  vars()[var] = np.where(vars()[var] > 10**35, np.nan, vars()[var])
-----------------------------------------------------------------
Num GPUs Available:  0
-----------------------------------------------------------------
Found pretrained emulator in the igm package: pinnbp_10_4_cnn_16_32_2_1
                   Step  |  ICE_VOL |  COST_U  |  COST_H  |  COST_D  |  COST_S  |   REGU_H |   REGU_S | COST_GLEN  
OPTI 13:33:55 :        0 |   2519.90 |   150.57 |     0.00 |     0.00 |     0.00 |    55.03 |     0.00 |    -0.97 |
OPTI 13:40:36 :       50 |   2490.66 |   375.10 |     1.60 |     0.00 |     0.00 |    50.10 |    45.86 |    -6.95 |
OPTI 13:46:57 :      100 |   2453.93 |   369.03 |     4.90 |     0.00 |     0.00 |    52.64 |    42.24 |    -6.23 |
OPTI 13:53:14 :      150 |   2423.83 |   328.32 |     8.60 |     0.00 |     0.00 |    57.88 |    46.34 |    -5.42 |
OPTI 13:59:23 :      200 |   2398.36 |   291.44 |    12.00 |     0.00 |     0.00 |    60.53 |    37.53 |    -4.81 |
OPTI 14:05:14 :      250 |   2375.50 |   260.93 |    14.88 |     0.00 |     0.00 |    61.33 |    30.17 |    -4.39 |
OPTI 14:10:34 :      300 |   2357.51 |   238.94 |    17.08 |     0.00 |     0.00 |    62.18 |    28.50 |    -4.03 |
OPTI 14:15:38 :      350 |   2343.18 |   223.81 |    18.80 |     0.00 |     0.00 |    62.69 |    33.33 |    -3.74 |
OPTI 14:20:06 :      400 |   2331.45 |   212.50 |    20.16 |     0.00 |     0.00 |    63.09 |    29.15 |    -3.51 |
OPTI 14:24:58 :      450 |   2322.52 |   204.80 |    21.20 |     0.00 |     0.00 |    63.32 |    34.84 |    -3.35 |
OPTI 14:29:50 :      500 |   2316.20 |   198.98 |    22.01 |     0.00 |     0.00 |    63.59 |    35.66 |    -3.22 |
OPTI 14:34:39 :      550 |   2310.75 |   194.99 |    22.70 |     0.00 |     0.00 |    63.67 |    36.13 |    -3.12 |
OPTI 14:38:57 :      600 |   2306.62 |   191.35 |    23.27 |     0.00 |     0.00 |    63.75 |    33.00 |    -3.04 |
OPTI 14:42:56 :      650 |   2303.19 |   188.59 |    23.71 |     0.00 |     0.00 |    63.59 |    35.20 |    -2.99 |
OPTI 14:46:54 :      700 |   2300.86 |   186.41 |    24.07 |     0.00 |     0.00 |    63.41 |    41.11 |    -2.93 |
OPTI 14:50:51 :      750 |   2298.94 |   184.77 |    24.37 |     0.00 |     0.00 |    63.20 |    41.95 |    -2.89 |
OPTI 14:54:50 :      800 |   2297.29 |   182.99 |    24.58 |     0.00 |     0.00 |    62.98 |    40.97 |    -2.85 |
OPTI 14:58:49 :      850 |   2296.16 |   181.68 |    24.73 |     0.00 |     0.00 |    62.76 |    41.32 |    -2.81 |
OPTI 15:03:00 :      900 |   2295.34 |   180.35 |    24.84 |     0.00 |     0.00 |    62.65 |    32.39 |    -2.77 |
OPTI 15:08:03 :      950 |   2294.38 |   179.38 |    24.95 |     0.00 |     0.00 |    62.54 |    36.43 |    -2.74 |
